<?xml version="1.0" encoding="UTF-8"?>
<!-- Generated by org.testng.reporters.JUnitReportReporter -->
<testsuite hostname="Raghavndr" failures="0" tests="1" name="Com.Amazon.QA.TestCases.TC_001" time="62.876" errors="0" timestamp="2022-12-05T11:03:21 IST" skipped="0">
  <testcase classname="Com.Amazon.QA.TestCases.TC_001" name="tc_001" time="62.876"/>
  <system-out/>
</testsuite> <!-- Com.Amazon.QA.TestCases.TC_001 -->
